<?xml version="1.0" encoding="UTF-8"?>
<!-- Generated by org.testng.reporters.JUnitXMLReporter -->
<testsuite ignored="0" hostname="DESKTOP-VEM0CBI" failures="0" tests="3" name="Test" time="1.12" errors="0" timestamp="22 Jul 2024 23:57:22 GMT">
  <testcase classname="com.tests.LoginTest" name="test01" time="1.057"/>
  <testcase classname="com.tests.LoginTest" name="test02" time="0.016"/>
  <testcase classname="com.tests.LoginTest" name="test03" time="0.004">
    <skipped/>
  </testcase> <!-- test03 -->
</testsuite> <!-- Test -->
